2020-12-23 23:27:01,282 INFO o.a.j.u.JMeterUtils: Setting Locale to en_EN
2020-12-23 23:27:01,311 INFO o.a.j.JMeter: Loading user properties from: user.properties
2020-12-23 23:27:01,312 INFO o.a.j.JMeter: Loading system properties from: system.properties
2020-12-23 23:27:01,312 INFO o.a.j.JMeter: Setting JMeter property: jmeter.save.saveservice.output_format=xml
2020-12-23 23:27:01,314 INFO o.a.j.JMeter: Copyright (c) 1998-2020 The Apache Software Foundation
2020-12-23 23:27:01,314 INFO o.a.j.JMeter: Version 5.3
2020-12-23 23:27:01,314 INFO o.a.j.JMeter: java.version=1.8.0_241
2020-12-23 23:27:01,314 INFO o.a.j.JMeter: java.vm.name=Java HotSpot(TM) 64-Bit Server VM
2020-12-23 23:27:01,314 INFO o.a.j.JMeter: os.name=Windows Server 2016
2020-12-23 23:27:01,314 INFO o.a.j.JMeter: os.arch=amd64
2020-12-23 23:27:01,314 INFO o.a.j.JMeter: os.version=10.0
2020-12-23 23:27:01,315 INFO o.a.j.JMeter: file.encoding=Cp1252
2020-12-23 23:27:01,315 INFO o.a.j.JMeter: java.awt.headless=true
2020-12-23 23:27:01,315 INFO o.a.j.JMeter: Max memory     =1073741824
2020-12-23 23:27:01,315 INFO o.a.j.JMeter: Available Processors =2
2020-12-23 23:27:01,328 INFO o.a.j.JMeter: Default Locale=English (EN)
2020-12-23 23:27:01,328 INFO o.a.j.JMeter: JMeter  Locale=English (EN)
2020-12-23 23:27:01,328 INFO o.a.j.JMeter: JMeterHome=D:\Users\kang\git\github\jmeter\apache-jmeter-5.3
2020-12-23 23:27:01,328 INFO o.a.j.JMeter: user.dir  =D:\Users\kang\git\github\jmeter\apache-jmeter-5.3\bin
2020-12-23 23:27:01,330 INFO o.a.j.JMeter: PWD       =D:\Users\kang\git\github\jmeter\apache-jmeter-5.3\bin
2020-12-23 23:27:01,332 INFO o.a.j.JMeter: IP: 10.21.11.246 Name: EC2AMAZ-7OJRJMS FullName: EC2AMAZ-7OJRJMS.cloud.bank.ikano
2020-12-23 23:27:01,339 INFO o.a.j.s.FileServer: Default base='D:\Users\kang\git\github\jmeter\apache-jmeter-5.3\bin'
2020-12-23 23:27:01,350 INFO o.a.j.s.FileServer: Set new base='D:\Users\kang\git\github\jmeter\apache-jmeter-5.3\bin'
2020-12-23 23:27:01,548 INFO o.a.j.s.SaveService: Testplan (JMX) version: 2.2. Testlog (JTL) version: 2.2
2020-12-23 23:27:01,587 INFO o.a.j.s.SaveService: Using SaveService properties file encoding UTF-8
2020-12-23 23:27:01,592 INFO o.a.j.s.SaveService: Using SaveService properties version 5.0
2020-12-23 23:27:01,599 INFO o.a.j.s.SaveService: Loading file: BlazeDemo_SearchFlight.jmx
2020-12-23 23:27:01,650 INFO o.a.j.p.h.s.HTTPSamplerBase: Parser for text/html is org.apache.jmeter.protocol.http.parser.LagartoBasedHtmlParser
2020-12-23 23:27:01,650 INFO o.a.j.p.h.s.HTTPSamplerBase: Parser for application/xhtml+xml is org.apache.jmeter.protocol.http.parser.LagartoBasedHtmlParser
2020-12-23 23:27:01,650 INFO o.a.j.p.h.s.HTTPSamplerBase: Parser for application/xml is org.apache.jmeter.protocol.http.parser.LagartoBasedHtmlParser
2020-12-23 23:27:01,650 INFO o.a.j.p.h.s.HTTPSamplerBase: Parser for text/xml is org.apache.jmeter.protocol.http.parser.LagartoBasedHtmlParser
2020-12-23 23:27:01,650 INFO o.a.j.p.h.s.HTTPSamplerBase: Parser for text/vnd.wap.wml is org.apache.jmeter.protocol.http.parser.RegexpHTMLParser
2020-12-23 23:27:01,650 INFO o.a.j.p.h.s.HTTPSamplerBase: Parser for text/css is org.apache.jmeter.protocol.http.parser.CssParser
2020-12-23 23:27:01,689 INFO o.a.j.s.SampleResult: Note: Sample TimeStamps are START times
2020-12-23 23:27:01,689 INFO o.a.j.s.SampleResult: sampleresult.default.encoding is set to ISO-8859-1
2020-12-23 23:27:01,689 INFO o.a.j.s.SampleResult: sampleresult.useNanoTime=true
2020-12-23 23:27:01,689 INFO o.a.j.s.SampleResult: sampleresult.nanoThreadSleep=5000
2020-12-23 23:27:01,726 INFO o.a.j.JMeter: Creating summariser <summary>
2020-12-23 23:27:01,753 INFO o.a.j.e.StandardJMeterEngine: Running the test!
2020-12-23 23:27:01,754 INFO o.a.j.s.SampleEvent: List of sample_variables: []
2020-12-23 23:27:01,754 INFO o.a.j.s.SampleEvent: List of sample_variables: []
2020-12-23 23:27:01,762 INFO o.a.j.e.u.CompoundVariable: Note: Function class names must contain the string: '.functions.'
2020-12-23 23:27:01,762 INFO o.a.j.e.u.CompoundVariable: Note: Function class names must not contain the string: '.gui.'
2020-12-23 23:27:02,398 INFO o.a.j.v.b.BackendListener: Backend Listener: Starting worker with class: class rocks.nt.apm.jmeter.JMeterInfluxDBBackendListenerClient and queue capacity: 5000
2020-12-23 23:27:02,402 INFO o.a.j.v.b.BackendListener: Backend Listener: Started  worker with class: class rocks.nt.apm.jmeter.JMeterInfluxDBBackendListenerClient
2020-12-23 23:27:03,088 INFO o.a.j.JMeter: Running test (1608758823087)
2020-12-23 23:27:03,148 INFO o.a.j.e.StandardJMeterEngine: Starting ThreadGroup: 1 : Thread Group
2020-12-23 23:27:03,148 INFO o.a.j.e.StandardJMeterEngine: Starting 10 threads for group Thread Group.
2020-12-23 23:27:03,148 INFO o.a.j.e.StandardJMeterEngine: Thread will continue on error
2020-12-23 23:27:03,148 INFO o.a.j.t.ThreadGroup: Starting thread group... number=1 threads=10 ramp-up=10 delayedStart=false
2020-12-23 23:27:03,161 INFO o.a.j.t.ThreadGroup: Started thread group number 1
2020-12-23 23:27:03,161 INFO o.a.j.e.StandardJMeterEngine: All thread groups have been started
2020-12-23 23:27:03,168 INFO o.a.j.t.JMeterThread: Thread started: Thread Group 1-1
2020-12-23 23:27:04,173 INFO o.a.j.t.JMeterThread: Thread started: Thread Group 1-2
2020-12-23 23:27:05,165 INFO o.a.j.t.JMeterThread: Thread started: Thread Group 1-3
2020-12-23 23:27:06,030 INFO o.a.j.p.h.s.HTTPHCAbstractImpl: Local host = EC2AMAZ-7OJRJMS
2020-12-23 23:27:06,040 INFO o.a.j.p.h.s.HTTPHC4Impl: HTTP request retry count = 0
2020-12-23 23:27:06,177 INFO o.a.j.t.JMeterThread: Thread started: Thread Group 1-4
2020-12-23 23:27:06,318 INFO o.a.j.p.h.s.h.LazyLayeredConnectionSocketFactory: Setting up HTTPS TrustAll Socket Factory
2020-12-23 23:27:06,327 INFO o.a.j.u.JsseSSLManager: Using default SSL protocol: TLS
2020-12-23 23:27:06,327 INFO o.a.j.u.JsseSSLManager: SSL session context: per-thread
2020-12-23 23:27:06,336 INFO o.a.j.u.SSLManager: JmeterKeyStore Location:  type JKS
2020-12-23 23:27:06,337 INFO o.a.j.u.SSLManager: KeyStore created OK
2020-12-23 23:27:06,337 WARN o.a.j.u.SSLManager: Keystore file not found, loading empty keystore
2020-12-23 23:27:07,166 INFO o.a.j.t.JMeterThread: Thread started: Thread Group 1-5
2020-12-23 23:27:08,173 INFO o.a.j.t.JMeterThread: Thread started: Thread Group 1-6
2020-12-23 23:27:09,167 INFO o.a.j.t.JMeterThread: Thread started: Thread Group 1-7
2020-12-23 23:27:10,171 INFO o.a.j.t.JMeterThread: Thread started: Thread Group 1-8
2020-12-23 23:27:11,167 INFO o.a.j.t.JMeterThread: Thread started: Thread Group 1-9
2020-12-23 23:27:12,173 INFO o.a.j.t.JMeterThread: Thread started: Thread Group 1-10
2020-12-23 23:27:29,501 INFO o.a.j.t.JMeterThread: Thread finished: Thread Group 1-6
2020-12-23 23:27:30,159 INFO o.a.j.r.Summariser: summary +     51 in 00:00:27 =    1.9/s Avg:   534 Min:   320 Max:  1533 Err:     0 (0.00%) Active: 9 Started: 10 Finished: 1
2020-12-23 23:27:30,160 INFO o.a.j.t.JMeterThread: Thread finished: Thread Group 1-10
2020-12-23 23:27:30,718 INFO o.a.j.t.JMeterThread: Thread finished: Thread Group 1-3
2020-12-23 23:27:30,741 INFO o.a.j.t.JMeterThread: Thread finished: Thread Group 1-8
2020-12-23 23:27:30,798 INFO o.a.j.t.JMeterThread: Thread finished: Thread Group 1-1
2020-12-23 23:27:31,498 INFO o.a.j.t.JMeterThread: Thread finished: Thread Group 1-9
2020-12-23 23:27:32,151 INFO o.a.j.t.JMeterThread: Thread finished: Thread Group 1-5
2020-12-23 23:27:32,262 INFO o.a.j.t.JMeterThread: Thread finished: Thread Group 1-7
2020-12-23 23:27:32,715 INFO o.a.j.t.JMeterThread: Thread finished: Thread Group 1-2
2020-12-23 23:27:32,720 INFO o.a.j.t.JMeterThread: Thread finished: Thread Group 1-4
2020-12-23 23:27:32,721 INFO o.a.j.e.StandardJMeterEngine: Notifying test listeners of end of test
2020-12-23 23:27:32,723 INFO o.a.j.v.b.BackendListener: Worker ended
2020-12-23 23:27:32,723 INFO r.n.a.j.JMeterInfluxDBBackendListenerClient: Shutting down influxDB scheduler...
2020-12-23 23:27:32,732 INFO r.n.a.j.JMeterInfluxDBBackendListenerClient: influxDB scheduler terminated!
2020-12-23 23:27:32,735 INFO o.a.j.r.Summariser: summary +     10 in 00:00:03 =    3.9/s Avg:   943 Min:   336 Max:  4141 Err:     0 (0.00%) Active: 0 Started: 10 Finished: 10
2020-12-23 23:27:32,736 INFO o.a.j.r.Summariser: summary =     61 in 00:00:30 =    2.1/s Avg:   601 Min:   320 Max:  4141 Err:     0 (0.00%)
